<?xml version="1.0" encoding="UTF-8"?>
<coverage generated="1645133056783" clover="3.2.0">
  <project timestamp="1645133056783" name="All files">
    <metrics statements="16" coveredstatements="6" conditionals="2" coveredconditionals="1" methods="7" coveredmethods="2" elements="25" coveredelements="9" complexity="0" loc="16" ncloc="16" packages="1" files="3" classes="3"/>
    <file name="index.ts" path="/Users/midnights/Repos/github.com/ItsMidnights/super-effective-calculator/src/data/api/pokemon/sub/pokemon/index.ts">
      <metrics statements="0" coveredstatements="0" conditionals="0" coveredconditionals="0" methods="0" coveredmethods="0"/>
    </file>
    <file name="pokemon.get.ts" path="/Users/midnights/Repos/github.com/ItsMidnights/super-effective-calculator/src/data/api/pokemon/sub/pokemon/pokemon.get.ts">
      <metrics statements="7" coveredstatements="5" conditionals="2" coveredconditionals="1" methods="3" coveredmethods="2"/>
      <line num="4" count="1" type="stmt"/>
      <line num="5" count="1" type="stmt"/>
      <line num="7" count="1" type="cond" truecount="1" falsecount="1"/>
      <line num="8" count="0" type="stmt"/>
      <line num="10" count="1" type="stmt"/>
      <line num="13" count="0" type="stmt"/>
      <line num="15" count="1" type="stmt"/>
    </file>
    <file name="weaknesses.get.ts" path="/Users/midnights/Repos/github.com/ItsMidnights/super-effective-calculator/src/data/api/pokemon/sub/pokemon/weaknesses.get.ts">
      <metrics statements="9" coveredstatements="1" conditionals="0" coveredconditionals="0" methods="4" coveredmethods="0"/>
      <line num="3" count="1" type="stmt"/>
      <line num="11" count="0" type="stmt"/>
      <line num="12" count="0" type="stmt"/>
      <line num="14" count="0" type="stmt"/>
      <line num="20" count="0" type="stmt"/>
      <line num="22" count="0" type="stmt"/>
      <line num="23" count="0" type="stmt"/>
      <line num="27" count="0" type="stmt"/>
      <line num="28" count="0" type="stmt"/>
    </file>
  </project>
</coverage>
