TN:
SF:src/data/api/pokemon/sub/pokemon/index.ts
FNF:0
FNH:0
LF:0
LH:0
BRF:0
BRH:0
end_of_record
TN:
SF:src/data/api/pokemon/sub/pokemon/pokemon.get.ts
FN:4,(anonymous_0)
FN:6,(anonymous_1)
FN:12,(anonymous_2)
FNF:3
FNH:2
FNDA:1,(anonymous_0)
FNDA:1,(anonymous_1)
FNDA:0,(anonymous_2)
DA:4,1
DA:5,1
DA:7,1
DA:8,0
DA:10,1
DA:13,0
DA:15,1
LF:7
LH:5
BRDA:7,0,0,0
BRDA:7,0,1,1
BRF:2
BRH:1
end_of_record
TN:
SF:src/data/api/pokemon/sub/pokemon/weaknesses.get.ts
FN:3,(anonymous_0)
FN:11,(anonymous_1)
FN:13,(anonymous_2)
FN:27,(anonymous_3)
FNF:4
FNH:0
FNDA:0,(anonymous_0)
FNDA:0,(anonymous_1)
FNDA:0,(anonymous_2)
FNDA:0,(anonymous_3)
DA:3,1
DA:11,0
DA:12,0
DA:14,0
DA:20,0
DA:22,0
DA:23,0
DA:27,0
DA:28,0
LF:9
LH:1
BRF:0
BRH:0
end_of_record
